\BOOKMARK [0][-]{Doc-Start}{Acknowledgments}{}% 1
\BOOKMARK [0][-]{chapter*.1}{Abstract}{}% 2
\BOOKMARK [0][-]{chapter.1}{Introduction}{}% 3
\BOOKMARK [1][-]{section.1.1}{Background}{chapter.1}% 4
\BOOKMARK [1][-]{section.1.2}{Problem Statement}{chapter.1}% 5
\BOOKMARK [1][-]{section.1.3}{Description of the work}{chapter.1}% 6
\BOOKMARK [1][-]{section.1.4}{Limitations}{chapter.1}% 7
\BOOKMARK [0][-]{chapter.2}{Theoretical Background}{}% 8
\BOOKMARK [1][-]{section.2.1}{ISO 26262}{chapter.2}% 9
\BOOKMARK [1][-]{section.2.2}{SAFE - ITEA}{chapter.2}% 10
\BOOKMARK [1][-]{section.2.3}{AUTOFOCUS3}{chapter.2}% 11
\BOOKMARK [1][-]{section.2.4}{Deployment and scheduling in AF3}{chapter.2}% 12
\BOOKMARK [1][-]{section.2.5}{Z3 Solver}{chapter.2}% 13
\BOOKMARK [1][-]{section.2.6}{UNSAT Cores}{chapter.2}% 14
\BOOKMARK [0][-]{chapter.3}{Purpose Of The Work}{}% 15
\BOOKMARK [0][-]{chapter.4}{DSE Of Safety Metrics And Resource Constraints}{}% 16
\BOOKMARK [1][-]{section.4.1}{Safety Constraints}{chapter.4}% 17
\BOOKMARK [1][-]{section.4.2}{Resource Constraints}{chapter.4}% 18
\BOOKMARK [1][-]{section.4.3}{Cost Constraints}{chapter.4}% 19
\BOOKMARK [0][-]{chapter.5}{SAFE Compliant Technical Architecture Generation}{}% 20
\BOOKMARK [0][-]{chapter.6}{Case Study And Results}{}% 21
\BOOKMARK [0][-]{chapter.7}{Conclusion}{}% 22
\BOOKMARK [0][-]{chapter.8}{Future Improvements}{}% 23
\BOOKMARK [0][-]{appendix*.3}{List of Figures}{}% 24
\BOOKMARK [0][-]{appendix*.4}{List of Tables}{}% 25
