This is pdfTeX, Version 3.1415926-2.5-1.40.14 (MiKTeX 2.9) (preloaded format=pdflatex 2014.11.13)  23 JAN 2015 15:53
entering extended mode
**main.tex
(C:\Users\chaudhary\Master_thesis_fortiss\main.tex
LaTeX2e <2011/06/27>
Babel <v3.8m> and hyphenation patterns for english, afrikaans, ancientgreek, ar
abic, armenian, assamese, basque, bengali, bokmal, bulgarian, catalan, coptic, 
croatian, czech, danish, dutch, esperanto, estonian, farsi, finnish, french, ga
lician, german, german-x-2013-05-26, greek, gujarati, hindi, hungarian, iceland
ic, indonesian, interlingua, irish, italian, kannada, kurmanji, latin, latvian,
 lithuanian, malayalam, marathi, mongolian, mongolianlmc, monogreek, ngerman, n
german-x-2013-05-26, nynorsk, oriya, panjabi, pinyin, polish, portuguese, roman
ian, russian, sanskrit, serbian, slovak, slovenian, spanish, swedish, swissgerm
an, tamil, telugu, turkish, turkmen, ukenglish, ukrainian, uppersorbian, usengl
ishmax, welsh, loaded.
(C:\Users\chaudhary\AppData\Roaming\MiKTeX\2.9\tex\latex\nag\nag.sty
Package: nag 2011/11/25 0.7 warning about old commands (ulmi)
\c@nag@c=\count79
\c@nag@sins=\count80
Package nag Info: Loaded nag-l2tabu.cfg  on input line 552.

(C:\Users\chaudhary\AppData\Roaming\MiKTeX\2.9\tex\latex\nag\nag-l2tabu.cfg
File: nag-l2tabu.cfg 2010/05/17 v2.11 l2tabu rules for nag.sty (ulmi)
)
Package nag Info: Loaded nag-orthodox.cfg  on input line 552.

(C:\Users\chaudhary\AppData\Roaming\MiKTeX\2.9\tex\latex\nag\nag-orthodox.cfg
File: nag-orthodox.cfg 2006/04/19 v1.8 strict rules for nag.sty (ulmi)
))
(C:\Users\chaudhary\AppData\Roaming\MiKTeX\2.9\tex\latex\koma-script\scrbook.cl
s
Document Class: scrbook 2014/10/28 v3.14 KOMA-Script document class (book)

(C:\Users\chaudhary\AppData\Roaming\MiKTeX\2.9\tex\latex\koma-script\scrkbase.s
ty
Package: scrkbase 2014/10/28 v3.14 KOMA-Script package (KOMA-Script-dependent b
asics and keyval usage)

(C:\Users\chaudhary\AppData\Roaming\MiKTeX\2.9\tex\latex\koma-script\scrbase.st
y
Package: scrbase 2014/10/28 v3.14 KOMA-Script package (KOMA-Script-independent 
basics and keyval usage)
 ("C:\Program Files (x86)\MiKTeX 2.9\tex\latex\graphics\keyval.sty"
Package: keyval 1999/03/16 v1.13 key=value parser (DPC)
\KV@toks@=\toks14
)
(C:\Users\chaudhary\AppData\Roaming\MiKTeX\2.9\tex\latex\koma-script\scrlfile.s
ty
Package: scrlfile 2014/10/28 v3.14 KOMA-Script package (loading files)

Package scrlfile, 2014/10/28 v3.14 KOMA-Script package (loading files)
                  Copyright (C) Markus Kohm

)))
(C:\Users\chaudhary\AppData\Roaming\MiKTeX\2.9\tex\latex\koma-script\tocbasic.s
ty
Package: tocbasic 2014/10/28 v3.14 KOMA-Script package (handling toc-files)
)
Package tocbasic Info: omitting babel extension for `toc'
(tocbasic)             because of feature `nobabel' available
(tocbasic)             for `toc' on input line 117.
Package tocbasic Info: omitting babel extension for `lof'
(tocbasic)             because of feature `nobabel' available
(tocbasic)             for `lof' on input line 118.
Package tocbasic Info: omitting babel extension for `lot'
(tocbasic)             because of feature `nobabel' available
(tocbasic)             for `lot' on input line 119.
Package tocbasic Info: defining new hook before heading of `' on input line 113
6.
Class scrbook Info: You've used standard option `oneside'.
(scrbook)           This is correct!
(scrbook)           Internally I'm using `twoside=false'.
(scrbook)           If you'd like to set the option with \KOMAoptions,
(scrbook)           you'd have to use `twoside=false' there
(scrbook)           instead of `oneside', too.
Class scrbook Info: File `scrsize11pt.clo' used to setup font sizes on input li
ne 1673.

(C:\Users\chaudhary\AppData\Roaming\MiKTeX\2.9\tex\latex\koma-script\scrsize11p
t.clo
File: scrsize11pt.clo 2014/10/28 v3.14 KOMA-Script font size class option (11pt
)
)
(C:\Users\chaudhary\AppData\Roaming\MiKTeX\2.9\tex\latex\koma-script\typearea.s
ty
Package: typearea 2014/10/28 v3.14 KOMA-Script package (type area)

Package typearea, 2014/10/28 v3.14 KOMA-Script package (type area)
                  Copyright (C) Frank Neukam, 1992-1994
                  Copyright (C) Markus Kohm, 1994-

\ta@bcor=\skip41
\ta@div=\count81
Package typearea Info: You've used standard option `oneside'.
(typearea)             This is correct!
(typearea)             Internally I'm using `twoside=false'.
(typearea)             If you'd like to set the option with \KOMAoptions,
(typearea)             you'd have to use `twoside=false' there
(typearea)             instead of `oneside', too.
\ta@hblk=\skip42
\ta@vblk=\skip43
\ta@temp=\skip44
\footheight=\skip45
Package typearea Info: These are the values describing the layout:
(typearea)             DIV  = 10
(typearea)             BCOR = 0.0pt
(typearea)             \paperwidth      = 597.50793pt
(typearea)              \textwidth      = 418.25555pt
(typearea)              DIV departure   = -6%
(typearea)              \evensidemargin = 17.3562pt
(typearea)              \oddsidemargin  = 17.3562pt
(typearea)             \paperheight     = 845.04694pt
(typearea)              \textheight     = 555.00024pt
(typearea)              \topmargin      = 12.2347pt
(typearea)              \headheight     = 17.0pt
(typearea)              \headsep        = 20.40001pt
(typearea)              \topskip        = 11.0pt
(typearea)              \footskip       = 47.6pt
(typearea)              \baselineskip   = 13.6pt
(typearea)              on input line 1340.
)
\c@part=\count82
\c@chapter=\count83
\c@section=\count84
\c@subsection=\count85
\c@subsubsection=\count86
\c@paragraph=\count87
\c@subparagraph=\count88
\abovecaptionskip=\skip46
\belowcaptionskip=\skip47
\c@pti@nb@sid@b@x=\box26
\c@figure=\count89
\c@table=\count90
\bibindent=\dimen102
) (C:\Users\chaudhary\Master_thesis_fortiss\settings/packages.tex
("C:\Program Files (x86)\MiKTeX 2.9\tex\latex\base\inputenc.sty"
Package: inputenc 2008/03/30 v1.1d Input encoding file
\inpenc@prehook=\toks15
\inpenc@posthook=\toks16

("C:\Program Files (x86)\MiKTeX 2.9\tex\latex\base\utf8.def"
File: utf8.def 2008/04/05 v1.1m UTF-8 support for inputenc
Now handling font encoding OML ...
... no UTF-8 mapping file for font encoding OML
Now handling font encoding T1 ...
... processing UTF-8 mapping file for font encoding T1

("C:\Program Files (x86)\MiKTeX 2.9\tex\latex\base\t1enc.dfu"
File: t1enc.dfu 2008/04/05 v1.1m UTF-8 support for inputenc
   defining Unicode char U+00A1 (decimal 161)
   defining Unicode char U+00A3 (decimal 163)
   defining Unicode char U+00AB (decimal 171)
   defining Unicode char U+00BB (decimal 187)
   defining Unicode char U+00BF (decimal 191)
   defining Unicode char U+00C0 (decimal 192)
   defining Unicode char U+00C1 (decimal 193)
   defining Unicode char U+00C2 (decimal 194)
   defining Unicode char U+00C3 (decimal 195)
   defining Unicode char U+00C4 (decimal 196)
   defining Unicode char U+00C5 (decimal 197)
   defining Unicode char U+00C6 (decimal 198)
   defining Unicode char U+00C7 (decimal 199)
   defining Unicode char U+00C8 (decimal 200)
   defining Unicode char U+00C9 (decimal 201)
   defining Unicode char U+00CA (decimal 202)
   defining Unicode char U+00CB (decimal 203)
   defining Unicode char U+00CC (decimal 204)
   defining Unicode char U+00CD (decimal 205)
   defining Unicode char U+00CE (decimal 206)
   defining Unicode char U+00CF (decimal 207)
   defining Unicode char U+00D0 (decimal 208)
   defining Unicode char U+00D1 (decimal 209)
   defining Unicode char U+00D2 (decimal 210)
   defining Unicode char U+00D3 (decimal 211)
   defining Unicode char U+00D4 (decimal 212)
   defining Unicode char U+00D5 (decimal 213)
   defining Unicode char U+00D6 (decimal 214)
   defining Unicode char U+00D8 (decimal 216)
   defining Unicode char U+00D9 (decimal 217)
   defining Unicode char U+00DA (decimal 218)
   defining Unicode char U+00DB (decimal 219)
   defining Unicode char U+00DC (decimal 220)
   defining Unicode char U+00DD (decimal 221)
   defining Unicode char U+00DE (decimal 222)
   defining Unicode char U+00DF (decimal 223)
   defining Unicode char U+00E0 (decimal 224)
   defining Unicode char U+00E1 (decimal 225)
   defining Unicode char U+00E2 (decimal 226)
   defining Unicode char U+00E3 (decimal 227)
   defining Unicode char U+00E4 (decimal 228)
   defining Unicode char U+00E5 (decimal 229)
   defining Unicode char U+00E6 (decimal 230)
   defining Unicode char U+00E7 (decimal 231)
   defining Unicode char U+00E8 (decimal 232)
   defining Unicode char U+00E9 (decimal 233)
   defining Unicode char U+00EA (decimal 234)
   defining Unicode char U+00EB (decimal 235)
   defining Unicode char U+00EC (decimal 236)
   defining Unicode char U+00ED (decimal 237)
   defining Unicode char U+00EE (decimal 238)
   defining Unicode char U+00EF (decimal 239)
   defining Unicode char U+00F0 (decimal 240)
   defining Unicode char U+00F1 (decimal 241)
   defining Unicode char U+00F2 (decimal 242)
   defining Unicode char U+00F3 (decimal 243)
   defining Unicode char U+00F4 (decimal 244)
   defining Unicode char U+00F5 (decimal 245)
   defining Unicode char U+00F6 (decimal 246)
   defining Unicode char U+00F8 (decimal 248)
   defining Unicode char U+00F9 (decimal 249)
   defining Unicode char U+00FA (decimal 250)
   defining Unicode char U+00FB (decimal 251)
   defining Unicode char U+00FC (decimal 252)
   defining Unicode char U+00FD (decimal 253)
   defining Unicode char U+00FE (decimal 254)
   defining Unicode char U+00FF (decimal 255)
   defining Unicode char U+0102 (decimal 258)
   defining Unicode char U+0103 (decimal 259)
   defining Unicode char U+0104 (decimal 260)
   defining Unicode char U+0105 (decimal 261)
   defining Unicode char U+0106 (decimal 262)
   defining Unicode char U+0107 (decimal 263)
   defining Unicode char U+010C (decimal 268)
   defining Unicode char U+010D (decimal 269)
   defining Unicode char U+010E (decimal 270)
   defining Unicode char U+010F (decimal 271)
   defining Unicode char U+0110 (decimal 272)
   defining Unicode char U+0111 (decimal 273)
   defining Unicode char U+0118 (decimal 280)
   defining Unicode char U+0119 (decimal 281)
   defining Unicode char U+011A (decimal 282)
   defining Unicode char U+011B (decimal 283)
   defining Unicode char U+011E (decimal 286)
   defining Unicode char U+011F (decimal 287)
   defining Unicode char U+0130 (decimal 304)
   defining Unicode char U+0131 (decimal 305)
   defining Unicode char U+0132 (decimal 306)
   defining Unicode char U+0133 (decimal 307)
   defining Unicode char U+0139 (decimal 313)
   defining Unicode char U+013A (decimal 314)
   defining Unicode char U+013D (decimal 317)
   defining Unicode char U+013E (decimal 318)
   defining Unicode char U+0141 (decimal 321)
   defining Unicode char U+0142 (decimal 322)
   defining Unicode char U+0143 (decimal 323)
   defining Unicode char U+0144 (decimal 324)
   defining Unicode char U+0147 (decimal 327)
   defining Unicode char U+0148 (decimal 328)
   defining Unicode char U+014A (decimal 330)
   defining Unicode char U+014B (decimal 331)
   defining Unicode char U+0150 (decimal 336)
   defining Unicode char U+0151 (decimal 337)
   defining Unicode char U+0152 (decimal 338)
   defining Unicode char U+0153 (decimal 339)
   defining Unicode char U+0154 (decimal 340)
   defining Unicode char U+0155 (decimal 341)
   defining Unicode char U+0158 (decimal 344)
   defining Unicode char U+0159 (decimal 345)
   defining Unicode char U+015A (decimal 346)
   defining Unicode char U+015B (decimal 347)
   defining Unicode char U+015E (decimal 350)
   defining Unicode char U+015F (decimal 351)
   defining Unicode char U+0160 (decimal 352)
   defining Unicode char U+0161 (decimal 353)
   defining Unicode char U+0162 (decimal 354)
   defining Unicode char U+0163 (decimal 355)
   defining Unicode char U+0164 (decimal 356)
   defining Unicode char U+0165 (decimal 357)
   defining Unicode char U+016E (decimal 366)
   defining Unicode char U+016F (decimal 367)
   defining Unicode char U+0170 (decimal 368)
   defining Unicode char U+0171 (decimal 369)
   defining Unicode char U+0178 (decimal 376)
   defining Unicode char U+0179 (decimal 377)
   defining Unicode char U+017A (decimal 378)
   defining Unicode char U+017B (decimal 379)
   defining Unicode char U+017C (decimal 380)
   defining Unicode char U+017D (decimal 381)
   defining Unicode char U+017E (decimal 382)
   defining Unicode char U+200C (decimal 8204)
   defining Unicode char U+2013 (decimal 8211)
   defining Unicode char U+2014 (decimal 8212)
   defining Unicode char U+2018 (decimal 8216)
   defining Unicode char U+2019 (decimal 8217)
   defining Unicode char U+201A (decimal 8218)
   defining Unicode char U+201C (decimal 8220)
   defining Unicode char U+201D (decimal 8221)
   defining Unicode char U+201E (decimal 8222)
   defining Unicode char U+2030 (decimal 8240)
   defining Unicode char U+2031 (decimal 8241)
   defining Unicode char U+2039 (decimal 8249)
   defining Unicode char U+203A (decimal 8250)
   defining Unicode char U+2423 (decimal 9251)
)
Now handling font encoding OT1 ...
... processing UTF-8 mapping file for font encoding OT1

("C:\Program Files (x86)\MiKTeX 2.9\tex\latex\base\ot1enc.dfu"
File: ot1enc.dfu 2008/04/05 v1.1m UTF-8 support for inputenc
   defining Unicode char U+00A1 (decimal 161)
   defining Unicode char U+00A3 (decimal 163)
   defining Unicode char U+00B8 (decimal 184)
   defining Unicode char U+00BF (decimal 191)
   defining Unicode char U+00C5 (decimal 197)
   defining Unicode char U+00C6 (decimal 198)
   defining Unicode char U+00D8 (decimal 216)
   defining Unicode char U+00DF (decimal 223)
   defining Unicode char U+00E6 (decimal 230)
   defining Unicode char U+00EC (decimal 236)
   defining Unicode char U+00ED (decimal 237)
   defining Unicode char U+00EE (decimal 238)
   defining Unicode char U+00EF (decimal 239)
   defining Unicode char U+00F8 (decimal 248)
   defining Unicode char U+0131 (decimal 305)
   defining Unicode char U+0141 (decimal 321)
   defining Unicode char U+0142 (decimal 322)
   defining Unicode char U+0152 (decimal 338)
   defining Unicode char U+0153 (decimal 339)
   defining Unicode char U+2013 (decimal 8211)
   defining Unicode char U+2014 (decimal 8212)
   defining Unicode char U+2018 (decimal 8216)
   defining Unicode char U+2019 (decimal 8217)
   defining Unicode char U+201C (decimal 8220)
   defining Unicode char U+201D (decimal 8221)
)
Now handling font encoding OMS ...
... processing UTF-8 mapping file for font encoding OMS

("C:\Program Files (x86)\MiKTeX 2.9\tex\latex\base\omsenc.dfu"
File: omsenc.dfu 2008/04/05 v1.1m UTF-8 support for inputenc
   defining Unicode char U+00A7 (decimal 167)
   defining Unicode char U+00B6 (decimal 182)
   defining Unicode char U+00B7 (decimal 183)
   defining Unicode char U+2020 (decimal 8224)
   defining Unicode char U+2021 (decimal 8225)
   defining Unicode char U+2022 (decimal 8226)
)
Now handling font encoding OMX ...
... no UTF-8 mapping file for font encoding OMX
Now handling font encoding U ...
... no UTF-8 mapping file for font encoding U
   defining Unicode char U+00A9 (decimal 169)
   defining Unicode char U+00AA (decimal 170)
   defining Unicode char U+00AE (decimal 174)
   defining Unicode char U+00BA (decimal 186)
   defining Unicode char U+02C6 (decimal 710)
   defining Unicode char U+02DC (decimal 732)
   defining Unicode char U+200C (decimal 8204)
   defining Unicode char U+2026 (decimal 8230)
   defining Unicode char U+2122 (decimal 8482)
   defining Unicode char U+2423 (decimal 9251)
))
("C:\Program Files (x86)\MiKTeX 2.9\tex\latex\base\fontenc.sty"
Package: fontenc 2005/09/27 v1.99g Standard LaTeX package

("C:\Program Files (x86)\MiKTeX 2.9\tex\latex\base\t1enc.def"
File: t1enc.def 2005/09/27 v1.99g Standard LaTeX file
LaTeX Font Info:    Redeclaring font encoding T1 on input line 43.
))
("C:\Program Files (x86)\MiKTeX 2.9\tex\latex\psnfss\mathpazo.sty"
Package: mathpazo 2005/04/12 PSNFSS-v9.2a Palatino w/ Pazo Math (D.Puga, WaS) 
\symupright=\mathgroup4
)
("C:\Program Files (x86)\MiKTeX 2.9\tex\generic\babel\babel.sty"
Package: babel 2008/07/08 v3.8m The Babel package

*************************************
* Local config file bblopts.cfg used
*
("C:\Program Files (x86)\MiKTeX 2.9\tex\latex\00miktex\bblopts.cfg"
File: bblopts.cfg 2006/07/31 v1.0 MiKTeX 'babel' configuration
)
(C:\Users\chaudhary\AppData\Roaming\MiKTeX\2.9\tex\latex\babel-english\english.
ldf
Language: english 2012/08/20 v3.3p English support from the babel system
 ("C:\Program Files (x86)\MiKTeX 2.9\tex\generic\babel\babel.def"
File: babel.def 2008/07/08 v3.8m Babel common definitions
\babel@savecnt=\count91
\U@D=\dimen103
)
\l@canadian = a dialect from \language\l@american 
\l@australian = a dialect from \language\l@british 
\l@newzealand = a dialect from \language\l@british 
))
(C:\Users\chaudhary\AppData\Roaming\MiKTeX\2.9\tex\latex\csquotes\csquotes.sty
Package: csquotes 2011/10/22 v5.1d context-sensitive quotations

(C:\Users\chaudhary\AppData\Roaming\MiKTeX\2.9\tex\latex\etoolbox\etoolbox.sty
Package: etoolbox 2011/01/03 v2.1 e-TeX tools for LaTeX

("C:\Program Files (x86)\MiKTeX 2.9\tex\latex\misc\etex.sty"
Package: etex 1998/03/26 v2.0 eTeX basic definition package (PEB)
\et@xins=\count92
)
\etb@tempcnta=\count93
)
\csq@reset=\count94
\csq@gtype=\count95
\csq@glevel=\count96
\csq@qlevel=\count97
\csq@maxlvl=\count98
\csq@tshold=\count99
\csq@ltx@everypar=\toks17

(C:\Users\chaudhary\AppData\Roaming\MiKTeX\2.9\tex\latex\csquotes\csquotes.def
File: csquotes.def 2011/10/22 v5.1d csquotes generic definitions
)
Package csquotes Info: Trying to load configuration file 'csquotes.cfg'...
Package csquotes Info: ... configuration file loaded successfully.
(C:\Users\chaudhary\AppData\Roaming\MiKTeX\2.9\tex\latex\csquotes\csquotes.cfg
File: csquotes.cfg 
)
Package csquotes Info: Enabling multilingual quotes.
)
(C:\Users\chaudhary\AppData\Roaming\MiKTeX\2.9\tex\latex\biblatex\biblatex.sty
Package: biblatex 2014/06/25 v2.9a programmable bibliographies (PK/JW/AB)

(C:\Users\chaudhary\AppData\Roaming\MiKTeX\2.9\tex\latex\biblatex\biblatex2.sty
Package: biblatex2 2014/06/25 v2.9a programmable bibliographies (biber) (PK/JW/
AB)
("C:\Program Files (x86)\MiKTeX 2.9\tex\latex\oberdiek\kvoptions.sty"
Package: kvoptions 2011/06/30 v3.11 Key value format for package options (HO)

("C:\Program Files (x86)\MiKTeX 2.9\tex\generic\oberdiek\ltxcmds.sty"
Package: ltxcmds 2011/11/09 v1.22 LaTeX kernel commands for general use (HO)
)
("C:\Program Files (x86)\MiKTeX 2.9\tex\generic\oberdiek\kvsetkeys.sty"
Package: kvsetkeys 2012/04/25 v1.16 Key value parser (HO)

("C:\Program Files (x86)\MiKTeX 2.9\tex\generic\oberdiek\infwarerr.sty"
Package: infwarerr 2010/04/08 v1.3 Providing info/warning/error messages (HO)
)
("C:\Program Files (x86)\MiKTeX 2.9\tex\generic\oberdiek\etexcmds.sty"
Package: etexcmds 2011/02/16 v1.5 Avoid name clashes with e-TeX commands (HO)

("C:\Program Files (x86)\MiKTeX 2.9\tex\generic\oberdiek\ifluatex.sty"
Package: ifluatex 2010/03/01 v1.3 Provides the ifluatex switch (HO)
Package ifluatex Info: LuaTeX not detected.
)
Package etexcmds Info: Could not find \expanded.
(etexcmds)             That can mean that you are not using pdfTeX 1.50 or
(etexcmds)             that some package has redefined \expanded.
(etexcmds)             In the latter case, load this package earlier.
)))
(C:\Users\chaudhary\AppData\Roaming\MiKTeX\2.9\tex\latex\logreq\logreq.sty
Package: logreq 2010/08/04 v1.0 xml request logger
\lrq@indent=\count100

(C:\Users\chaudhary\AppData\Roaming\MiKTeX\2.9\tex\latex\logreq\logreq.def
File: logreq.def 2010/08/04 v1.0 logreq spec v1.0
))
("C:\Program Files (x86)\MiKTeX 2.9\tex\latex\base\ifthen.sty"
Package: ifthen 2001/05/26 v1.1c Standard LaTeX ifthen package (DPC)
)
(C:\Users\chaudhary\AppData\Roaming\MiKTeX\2.9\tex\latex\url\url.sty
\Urlmuskip=\muskip10
Package: url 2013/09/16  ver 3.4  Verb mode for urls, etc.
)
\c@tabx@nest=\count101
\c@listtotal=\count102
\c@listcount=\count103
\c@liststart=\count104
\c@liststop=\count105
\c@citecount=\count106
\c@citetotal=\count107
\c@multicitecount=\count108
\c@multicitetotal=\count109
\c@instcount=\count110
\c@maxnames=\count111
\c@minnames=\count112
\c@maxitems=\count113
\c@minitems=\count114
\c@citecounter=\count115
\c@savedcitecounter=\count116
\c@uniquelist=\count117
\c@uniquename=\count118
\c@refsection=\count119
\c@refsegment=\count120
\c@maxextratitle=\count121
\c@maxextratitleyear=\count122
\c@maxextrayear=\count123
\c@maxextraalpha=\count124
\c@abbrvpenalty=\count125
\c@highnamepenalty=\count126
\c@lownamepenalty=\count127
\c@maxparens=\count128
\c@parenlevel=\count129
\blx@tempcnta=\count130
\blx@tempcntb=\count131
\blx@tempcntc=\count132
\blx@maxsection=\count133
\blx@maxsegment@0=\count134
\blx@notetype=\count135
\blx@parenlevel@text=\count136
\blx@parenlevel@foot=\count137
\blx@sectionciteorder@0=\count138
\labelnumberwidth=\skip48
\labelalphawidth=\skip49
\biblabelsep=\skip50
\bibitemsep=\skip51
\bibnamesep=\skip52
\bibinitsep=\skip53
\bibparsep=\skip54
\bibhang=\skip55
\blx@bcfin=\read1
\blx@bcfout=\write3
\c@mincomprange=\count139
\c@maxcomprange=\count140
\c@mincompwidth=\count141
Package biblatex Info: Trying to load biblatex default data model...
Package biblatex Info: ... file 'blx-dm.def' found.

(C:\Users\chaudhary\AppData\Roaming\MiKTeX\2.9\tex\latex\biblatex\blx-dm.def)
Package biblatex Info: Trying to load biblatex style data model...
Package biblatex Info: ... file 'alphabetic.dbx' not found.
Package biblatex Info: Trying to load biblatex custom data model...
Package biblatex Info: ... file 'biblatex-dm.cfg' not found.
\c@afterword=\count142
\c@savedafterword=\count143
\c@annotator=\count144
\c@savedannotator=\count145
\c@author=\count146
\c@savedauthor=\count147
\c@bookauthor=\count148
\c@savedbookauthor=\count149
\c@commentator=\count150
\c@savedcommentator=\count151
\c@editor=\count152
\c@savededitor=\count153
\c@editora=\count154
\c@savededitora=\count155
\c@editorb=\count156
\c@savededitorb=\count157
\c@editorc=\count158
\c@savededitorc=\count159
\c@foreword=\count160
\c@savedforeword=\count161
\c@holder=\count162
\c@savedholder=\count163
\c@introduction=\count164
\c@savedintroduction=\count165
\c@namea=\count166
\c@savednamea=\count167
\c@nameb=\count168
\c@savednameb=\count169
\c@namec=\count170
\c@savednamec=\count171
\c@translator=\count172
\c@savedtranslator=\count173
\c@shortauthor=\count174
\c@savedshortauthor=\count175
\c@shorteditor=\count176
\c@savedshorteditor=\count177
\c@labelname=\count178
\c@savedlabelname=\count179
\c@institution=\count180
\c@savedinstitution=\count181
\c@lista=\count182
\c@savedlista=\count183
\c@listb=\count184
\c@savedlistb=\count185
\c@listc=\count186
\c@savedlistc=\count187
\c@listd=\count188
\c@savedlistd=\count189
\c@liste=\count190
\c@savedliste=\count191
\c@listf=\count192
\c@savedlistf=\count193
\c@location=\count194
\c@savedlocation=\count195
\c@organization=\count196
\c@savedorganization=\count197
\c@origlocation=\count198
\c@savedoriglocation=\count199
\c@origpublisher=\count200
\c@savedorigpublisher=\count201
\c@publisher=\count202
\c@savedpublisher=\count203
\c@language=\count204
\c@savedlanguage=\count205
\c@pageref=\count206
\c@savedpageref=\count207
\shorthandwidth=\skip56
\shortjournalwidth=\skip57
\shortserieswidth=\skip58
\shorttitlewidth=\skip59
\shortauthorwidth=\skip60
\shorteditorwidth=\skip61
Package biblatex Info: Trying to load compatibility code...
Package biblatex Info: ... file 'blx-compat.def' found.

(C:\Users\chaudhary\AppData\Roaming\MiKTeX\2.9\tex\latex\biblatex\blx-compat.de
f
File: blx-compat.def 2014/06/25 v2.9a biblatex compatibility (PK/JW/AB)
)
Package biblatex Info: Trying to load generic definitions...
Package biblatex Info: ... file 'biblatex.def' found.

(C:\Users\chaudhary\AppData\Roaming\MiKTeX\2.9\tex\latex\biblatex\biblatex.def
File: biblatex.def 
\c@textcitecount=\count208
\c@textcitetotal=\count209
\c@textcitemaxnames=\count210
\c@biburlnumpenalty=\count211
\c@biburlucpenalty=\count212
\c@biburllcpenalty=\count213
\c@smartand=\count214
)
Package biblatex Info: Trying to load bibliography style 'alphabetic'...
Package biblatex Info: ... file 'alphabetic.bbx' found.

(C:\Users\chaudhary\AppData\Roaming\MiKTeX\2.9\tex\latex\biblatex\bbx\alphabeti
c.bbx
File: alphabetic.bbx 2014/06/25 v2.9a biblatex bibliography style (PK/JW/AB)
Package biblatex Info: Trying to load bibliography style 'standard'...
Package biblatex Info: ... file 'standard.bbx' found.

(C:\Users\chaudhary\AppData\Roaming\MiKTeX\2.9\tex\latex\biblatex\bbx\standard.
bbx
File: standard.bbx 2014/06/25 v2.9a biblatex bibliography style (PK/JW/AB)
\c@bbx:relatedcount=\count215
\c@bbx:relatedtotal=\count216
))
Package biblatex Info: Trying to load citation style 'alphabetic'...
Package biblatex Info: ... file 'alphabetic.cbx' found.

(C:\Users\chaudhary\AppData\Roaming\MiKTeX\2.9\tex\latex\biblatex\cbx\alphabeti
c.cbx
File: alphabetic.cbx 2014/06/25 v2.9a biblatex citation style (PK/JW/AB)
Package biblatex Info: Redefining '\cite'.
Package biblatex Info: Redefining '\parencite'.
Package biblatex Info: Redefining '\footcite'.
Package biblatex Info: Redefining '\footcitetext'.
Package biblatex Info: Redefining '\smartcite'.
Package biblatex Info: Redefining '\textcite'.
Package biblatex Info: Redefining '\textcites'.
Package biblatex Info: Redefining '\cites'.
Package biblatex Info: Redefining '\parencites'.
Package biblatex Info: Redefining '\smartcites'.
)
Package biblatex Info: Trying to load configuration file...
Package biblatex Info: ... file 'biblatex.cfg' found.

(C:\Users\chaudhary\AppData\Roaming\MiKTeX\2.9\tex\latex\biblatex\biblatex.cfg
File: biblatex.cfg 
))) ("C:\Program Files (x86)\MiKTeX 2.9\tex\latex\graphics\graphicx.sty"
Package: graphicx 1999/02/16 v1.0f Enhanced LaTeX Graphics (DPC,SPQR)

("C:\Program Files (x86)\MiKTeX 2.9\tex\latex\graphics\graphics.sty"
Package: graphics 2009/02/05 v1.0o Standard LaTeX Graphics (DPC,SPQR)

("C:\Program Files (x86)\MiKTeX 2.9\tex\latex\graphics\trig.sty"
Package: trig 1999/03/16 v1.09 sin cos tan (DPC)
)
("C:\Program Files (x86)\MiKTeX 2.9\tex\latex\00miktex\graphics.cfg"
File: graphics.cfg 2007/01/18 v1.5 graphics configuration of teTeX/TeXLive
)
Package graphics Info: Driver file: pdftex.def on input line 91.

("C:\Program Files (x86)\MiKTeX 2.9\tex\latex\pdftex-def\pdftex.def"
File: pdftex.def 2011/05/27 v0.06d Graphics/color for pdfTeX
\Gread@gobject=\count217
))
\Gin@req@height=\dimen104
\Gin@req@width=\dimen105
)
(C:\Users\chaudhary\AppData\Roaming\MiKTeX\2.9\tex\latex\koma-script\scrhack.st
y
Package: scrhack 2014/10/28 v3.14 KOMA-Script package 
)
(C:\Users\chaudhary\AppData\Roaming\MiKTeX\2.9\tex\latex\listings\listings.sty
\lst@mode=\count218
\lst@gtempboxa=\box27
\lst@token=\toks18
\lst@length=\count219
\lst@currlwidth=\dimen106
\lst@column=\count220
\lst@pos=\count221
\lst@lostspace=\dimen107
\lst@width=\dimen108
\lst@newlines=\count222
\lst@lineno=\count223
\lst@maxwidth=\dimen109

(C:\Users\chaudhary\AppData\Roaming\MiKTeX\2.9\tex\latex\listings\lstmisc.sty
File: lstmisc.sty 2014/09/06 1.5e (Carsten Heinz)
\c@lstnumber=\count224
\lst@skipnumbers=\count225
\lst@framebox=\box28
)
(C:\Users\chaudhary\AppData\Roaming\MiKTeX\2.9\tex\latex\listings\listings.cfg
File: listings.cfg 2014/09/06 1.5e listings configuration
))
Package scrhack Info: loading listings hack on input line 20.

(C:\Users\chaudhary\AppData\Roaming\MiKTeX\2.9\tex\latex\koma-script\listings.h
ak
File: listings.hak 2014/10/28 v3.14 KOMA-Script package (hacking package listin
gs)
Package tocbasic Info: setting babel extension for `lol' on input line 137.
Package scrhack Info: redefining \lstlistoflistings on input line 137.
)
Package: listings 2014/09/06 1.5e (Carsten Heinz)

(C:\Users\chaudhary\AppData\Roaming\MiKTeX\2.9\tex\latex\lstaddons\lstautogobbl
e.sty
Package: lstautogobble 2012/05/03 v0.1 Implements 'autogobble' option for 'list
ings'
\lstag@spacecount=\count226
)
(C:\Users\chaudhary\AppData\Roaming\MiKTeX\2.9\tex\latex\pgf\frontendlayer\tikz
.sty
(C:\Users\chaudhary\AppData\Roaming\MiKTeX\2.9\tex\latex\pgf\basiclayer\pgf.sty

(C:\Users\chaudhary\AppData\Roaming\MiKTeX\2.9\tex\latex\pgf\utilities\pgfrcs.s
ty
(C:\Users\chaudhary\AppData\Roaming\MiKTeX\2.9\tex\generic\pgf\utilities\pgfuti
l-common.tex
\pgfutil@everybye=\toks19
\pgfutil@tempdima=\dimen110
\pgfutil@tempdimb=\dimen111

(C:\Users\chaudhary\AppData\Roaming\MiKTeX\2.9\tex\generic\pgf\utilities\pgfuti
l-common-lists.tex))
(C:\Users\chaudhary\AppData\Roaming\MiKTeX\2.9\tex\generic\pgf\utilities\pgfuti
l-latex.def
\pgfutil@abb=\box29

(C:\Users\chaudhary\AppData\Roaming\MiKTeX\2.9\tex\latex\ms\everyshi.sty
Package: everyshi 2001/05/15 v3.00 EveryShipout Package (MS)
))
(C:\Users\chaudhary\AppData\Roaming\MiKTeX\2.9\tex\generic\pgf\utilities\pgfrcs
.code.tex
Package: pgfrcs 2013/12/20 v3.0.0 (rcs-revision 1.28)
))
Package: pgf 2013/12/18 v3.0.0 (rcs-revision 1.14)

(C:\Users\chaudhary\AppData\Roaming\MiKTeX\2.9\tex\latex\pgf\basiclayer\pgfcore
.sty
(C:\Users\chaudhary\AppData\Roaming\MiKTeX\2.9\tex\latex\pgf\systemlayer\pgfsys
.sty
(C:\Users\chaudhary\AppData\Roaming\MiKTeX\2.9\tex\generic\pgf\systemlayer\pgfs
ys.code.tex
Package: pgfsys 2013/11/30 v3.0.0 (rcs-revision 1.47)

(C:\Users\chaudhary\AppData\Roaming\MiKTeX\2.9\tex\generic\pgf\utilities\pgfkey
s.code.tex
\pgfkeys@pathtoks=\toks20
\pgfkeys@temptoks=\toks21

(C:\Users\chaudhary\AppData\Roaming\MiKTeX\2.9\tex\generic\pgf\utilities\pgfkey
sfiltered.code.tex
\pgfkeys@tmptoks=\toks22
))
\pgf@x=\dimen112
\pgf@y=\dimen113
\pgf@xa=\dimen114
\pgf@ya=\dimen115
\pgf@xb=\dimen116
\pgf@yb=\dimen117
\pgf@xc=\dimen118
\pgf@yc=\dimen119
\w@pgf@writea=\write4
\r@pgf@reada=\read2
\c@pgf@counta=\count227
\c@pgf@countb=\count228
\c@pgf@countc=\count229
\c@pgf@countd=\count230
\t@pgf@toka=\toks23
\t@pgf@tokb=\toks24
\t@pgf@tokc=\toks25

(C:\Users\chaudhary\AppData\Roaming\MiKTeX\2.9\tex\generic\pgf\systemlayer\pgf.
cfg
File: pgf.cfg 2008/05/14  (rcs-revision 1.7)
)
Driver file for pgf: pgfsys-pdftex.def

(C:\Users\chaudhary\AppData\Roaming\MiKTeX\2.9\tex\generic\pgf\systemlayer\pgfs
ys-pdftex.def
File: pgfsys-pdftex.def 2013/07/18  (rcs-revision 1.33)

(C:\Users\chaudhary\AppData\Roaming\MiKTeX\2.9\tex\generic\pgf\systemlayer\pgfs
ys-common-pdf.def
File: pgfsys-common-pdf.def 2013/10/10  (rcs-revision 1.13)
)))
(C:\Users\chaudhary\AppData\Roaming\MiKTeX\2.9\tex\generic\pgf\systemlayer\pgfs
yssoftpath.code.tex
File: pgfsyssoftpath.code.tex 2013/09/09  (rcs-revision 1.9)
\pgfsyssoftpath@smallbuffer@items=\count231
\pgfsyssoftpath@bigbuffer@items=\count232
)
(C:\Users\chaudhary\AppData\Roaming\MiKTeX\2.9\tex\generic\pgf\systemlayer\pgfs
ysprotocol.code.tex
File: pgfsysprotocol.code.tex 2006/10/16  (rcs-revision 1.4)
))
(C:\Users\chaudhary\AppData\Roaming\MiKTeX\2.9\tex\latex\xcolor\xcolor.sty
Package: xcolor 2007/01/21 v2.11 LaTeX color extensions (UK)

("C:\Program Files (x86)\MiKTeX 2.9\tex\latex\00miktex\color.cfg"
File: color.cfg 2007/01/18 v1.5 color configuration of teTeX/TeXLive
)
Package xcolor Info: Driver file: pdftex.def on input line 225.

(C:\Users\chaudhary\AppData\Roaming\MiKTeX\2.9\tex\latex\colortbl\colortbl.sty
Package: colortbl 2012/02/13 v1.0a Color table columns (DPC)

("C:\Program Files (x86)\MiKTeX 2.9\tex\latex\tools\array.sty"
Package: array 2008/09/09 v2.4c Tabular extension package (FMi)
\col@sep=\dimen120
\extrarowheight=\dimen121
\NC@list=\toks26
\extratabsurround=\skip62
\backup@length=\skip63
)
\everycr=\toks27
\minrowclearance=\skip64
)
\rownum=\count233
Package xcolor Info: Model `cmy' substituted by `cmy0' on input line 1337.
Package xcolor Info: Model `hsb' substituted by `rgb' on input line 1341.
Package xcolor Info: Model `RGB' extended on input line 1353.
Package xcolor Info: Model `HTML' substituted by `rgb' on input line 1355.
Package xcolor Info: Model `Hsb' substituted by `hsb' on input line 1356.
Package xcolor Info: Model `tHsb' substituted by `hsb' on input line 1357.
Package xcolor Info: Model `HSB' substituted by `hsb' on input line 1358.
Package xcolor Info: Model `Gray' substituted by `gray' on input line 1359.
Package xcolor Info: Model `wave' substituted by `hsb' on input line 1360.

("C:\Program Files (x86)\MiKTeX 2.9\tex\latex\graphics\dvipsnam.def"
File: dvipsnam.def 1999/02/16 v3.0i Driver-dependant file (DPC,SPQR)
)
(C:\Users\chaudhary\AppData\Roaming\MiKTeX\2.9\tex\latex\xcolor\svgnam.def
File: svgnam.def 2007/01/21 v2.11 Predefined colors according to SVG 1.1 (UK)
))
(C:\Users\chaudhary\AppData\Roaming\MiKTeX\2.9\tex\generic\pgf\basiclayer\pgfco
re.code.tex
Package: pgfcore 2010/04/11 v3.0.0 (rcs-revision 1.7)

(C:\Users\chaudhary\AppData\Roaming\MiKTeX\2.9\tex\generic\pgf\math\pgfmath.cod
e.tex
(C:\Users\chaudhary\AppData\Roaming\MiKTeX\2.9\tex\generic\pgf\math\pgfmathcalc
.code.tex
(C:\Users\chaudhary\AppData\Roaming\MiKTeX\2.9\tex\generic\pgf\math\pgfmathutil
.code.tex)
(C:\Users\chaudhary\AppData\Roaming\MiKTeX\2.9\tex\generic\pgf\math\pgfmathpars
er.code.tex
\pgfmath@dimen=\dimen122
Normal \count register pool exhausted, switching to extended pool.
\pgfmath@count=\count277
\pgfmath@box=\box30
\pgfmath@toks=\toks28
\pgfmath@stack@operand=\toks29
\pgfmath@stack@operation=\toks30
)
(C:\Users\chaudhary\AppData\Roaming\MiKTeX\2.9\tex\generic\pgf\math\pgfmathfunc
tions.code.tex
(C:\Users\chaudhary\AppData\Roaming\MiKTeX\2.9\tex\generic\pgf\math\pgfmathfunc
tions.basic.code.tex)
(C:\Users\chaudhary\AppData\Roaming\MiKTeX\2.9\tex\generic\pgf\math\pgfmathfunc
tions.trigonometric.code.tex)
(C:\Users\chaudhary\AppData\Roaming\MiKTeX\2.9\tex\generic\pgf\math\pgfmathfunc
tions.random.code.tex)
(C:\Users\chaudhary\AppData\Roaming\MiKTeX\2.9\tex\generic\pgf\math\pgfmathfunc
tions.comparison.code.tex)
(C:\Users\chaudhary\AppData\Roaming\MiKTeX\2.9\tex\generic\pgf\math\pgfmathfunc
tions.base.code.tex)
(C:\Users\chaudhary\AppData\Roaming\MiKTeX\2.9\tex\generic\pgf\math\pgfmathfunc
tions.round.code.tex)
(C:\Users\chaudhary\AppData\Roaming\MiKTeX\2.9\tex\generic\pgf\math\pgfmathfunc
tions.misc.code.tex)
(C:\Users\chaudhary\AppData\Roaming\MiKTeX\2.9\tex\generic\pgf\math\pgfmathfunc
tions.integerarithmetics.code.tex)))
(C:\Users\chaudhary\AppData\Roaming\MiKTeX\2.9\tex\generic\pgf\math\pgfmathfloa
t.code.tex
\c@pgfmathroundto@lastzeros=\count278
))
(C:\Users\chaudhary\AppData\Roaming\MiKTeX\2.9\tex\generic\pgf\basiclayer\pgfco
repoints.code.tex
File: pgfcorepoints.code.tex 2013/10/07  (rcs-revision 1.27)
\pgf@picminx=\dimen123
\pgf@picmaxx=\dimen124
\pgf@picminy=\dimen125
\pgf@picmaxy=\dimen126
\pgf@pathminx=\dimen127
\pgf@pathmaxx=\dimen128
\pgf@pathminy=\dimen129
\pgf@pathmaxy=\dimen130
\pgf@xx=\dimen131
\pgf@xy=\dimen132
\pgf@yx=\dimen133
\pgf@yy=\dimen134
\pgf@zx=\dimen135
\pgf@zy=\dimen136
)
(C:\Users\chaudhary\AppData\Roaming\MiKTeX\2.9\tex\generic\pgf\basiclayer\pgfco
repathconstruct.code.tex
File: pgfcorepathconstruct.code.tex 2013/10/07  (rcs-revision 1.29)
\pgf@path@lastx=\dimen137
\pgf@path@lasty=\dimen138
)
(C:\Users\chaudhary\AppData\Roaming\MiKTeX\2.9\tex\generic\pgf\basiclayer\pgfco
repathusage.code.tex
File: pgfcorepathusage.code.tex 2013/12/13  (rcs-revision 1.23)
\pgf@shorten@end@additional=\dimen139
\pgf@shorten@start@additional=\dimen140
)
(C:\Users\chaudhary\AppData\Roaming\MiKTeX\2.9\tex\generic\pgf\basiclayer\pgfco
rescopes.code.tex
File: pgfcorescopes.code.tex 2013/10/09  (rcs-revision 1.44)
\pgfpic=\box31
\pgf@hbox=\box32
\pgf@layerbox@main=\box33
\pgf@picture@serial@count=\count279
)
(C:\Users\chaudhary\AppData\Roaming\MiKTeX\2.9\tex\generic\pgf\basiclayer\pgfco
regraphicstate.code.tex
File: pgfcoregraphicstate.code.tex 2013/09/19  (rcs-revision 1.11)
\pgflinewidth=\dimen141
)
(C:\Users\chaudhary\AppData\Roaming\MiKTeX\2.9\tex\generic\pgf\basiclayer\pgfco
retransformations.code.tex
File: pgfcoretransformations.code.tex 2013/10/10  (rcs-revision 1.17)
\pgf@pt@x=\dimen142
\pgf@pt@y=\dimen143
\pgf@pt@temp=\dimen144
)
(C:\Users\chaudhary\AppData\Roaming\MiKTeX\2.9\tex\generic\pgf\basiclayer\pgfco
requick.code.tex
File: pgfcorequick.code.tex 2008/10/09  (rcs-revision 1.3)
)
(C:\Users\chaudhary\AppData\Roaming\MiKTeX\2.9\tex\generic\pgf\basiclayer\pgfco
reobjects.code.tex
File: pgfcoreobjects.code.tex 2006/10/11  (rcs-revision 1.2)
)
(C:\Users\chaudhary\AppData\Roaming\MiKTeX\2.9\tex\generic\pgf\basiclayer\pgfco
repathprocessing.code.tex
File: pgfcorepathprocessing.code.tex 2013/09/09  (rcs-revision 1.9)
)
(C:\Users\chaudhary\AppData\Roaming\MiKTeX\2.9\tex\generic\pgf\basiclayer\pgfco
rearrows.code.tex
File: pgfcorearrows.code.tex 2013/11/07  (rcs-revision 1.40)
\pgfarrowsep=\dimen145
)
(C:\Users\chaudhary\AppData\Roaming\MiKTeX\2.9\tex\generic\pgf\basiclayer\pgfco
reshade.code.tex
File: pgfcoreshade.code.tex 2013/07/15  (rcs-revision 1.15)
\pgf@max=\dimen146
\pgf@sys@shading@range@num=\count280
)
(C:\Users\chaudhary\AppData\Roaming\MiKTeX\2.9\tex\generic\pgf\basiclayer\pgfco
reimage.code.tex
File: pgfcoreimage.code.tex 2013/07/15  (rcs-revision 1.18)

(C:\Users\chaudhary\AppData\Roaming\MiKTeX\2.9\tex\generic\pgf\basiclayer\pgfco
reexternal.code.tex
File: pgfcoreexternal.code.tex 2013/07/15  (rcs-revision 1.20)
\pgfexternal@startupbox=\box34
))
(C:\Users\chaudhary\AppData\Roaming\MiKTeX\2.9\tex\generic\pgf\basiclayer\pgfco
relayers.code.tex
File: pgfcorelayers.code.tex 2013/07/18  (rcs-revision 1.7)
)
(C:\Users\chaudhary\AppData\Roaming\MiKTeX\2.9\tex\generic\pgf\basiclayer\pgfco
retransparency.code.tex
File: pgfcoretransparency.code.tex 2013/09/30  (rcs-revision 1.5)
)
(C:\Users\chaudhary\AppData\Roaming\MiKTeX\2.9\tex\generic\pgf\basiclayer\pgfco
repatterns.code.tex
File: pgfcorepatterns.code.tex 2013/11/07  (rcs-revision 1.5)
)))
(C:\Users\chaudhary\AppData\Roaming\MiKTeX\2.9\tex\generic\pgf\modules\pgfmodul
eshapes.code.tex
File: pgfmoduleshapes.code.tex 2013/10/31  (rcs-revision 1.34)
\pgfnodeparttextbox=\box35
)
(C:\Users\chaudhary\AppData\Roaming\MiKTeX\2.9\tex\generic\pgf\modules\pgfmodul
eplot.code.tex
File: pgfmoduleplot.code.tex 2013/07/31  (rcs-revision 1.12)
)
(C:\Users\chaudhary\AppData\Roaming\MiKTeX\2.9\tex\latex\pgf\compatibility\pgfc
omp-version-0-65.sty
Package: pgfcomp-version-0-65 2007/07/03 v3.0.0 (rcs-revision 1.7)
\pgf@nodesepstart=\dimen147
\pgf@nodesepend=\dimen148
)
(C:\Users\chaudhary\AppData\Roaming\MiKTeX\2.9\tex\latex\pgf\compatibility\pgfc
omp-version-1-18.sty
Package: pgfcomp-version-1-18 2007/07/23 v3.0.0 (rcs-revision 1.1)
))
(C:\Users\chaudhary\AppData\Roaming\MiKTeX\2.9\tex\latex\pgf\utilities\pgffor.s
ty
(C:\Users\chaudhary\AppData\Roaming\MiKTeX\2.9\tex\latex\pgf\utilities\pgfkeys.
sty
(C:\Users\chaudhary\AppData\Roaming\MiKTeX\2.9\tex\generic\pgf\utilities\pgfkey
s.code.tex))
(C:\Users\chaudhary\AppData\Roaming\MiKTeX\2.9\tex\latex\pgf\math\pgfmath.sty
(C:\Users\chaudhary\AppData\Roaming\MiKTeX\2.9\tex\generic\pgf\math\pgfmath.cod
e.tex))
(C:\Users\chaudhary\AppData\Roaming\MiKTeX\2.9\tex\generic\pgf\utilities\pgffor
.code.tex
Package: pgffor 2013/12/13 v3.0.0 (rcs-revision 1.25)

(C:\Users\chaudhary\AppData\Roaming\MiKTeX\2.9\tex\generic\pgf\math\pgfmath.cod
e.tex)
\pgffor@iter=\dimen149
\pgffor@skip=\dimen150
\pgffor@stack=\toks31
\pgffor@toks=\toks32
))
(C:\Users\chaudhary\AppData\Roaming\MiKTeX\2.9\tex\generic\pgf\frontendlayer\ti
kz\tikz.code.tex
Package: tikz 2013/12/13 v3.0.0 (rcs-revision 1.142)

(C:\Users\chaudhary\AppData\Roaming\MiKTeX\2.9\tex\generic\pgf\libraries\pgflib
raryplothandlers.code.tex
File: pgflibraryplothandlers.code.tex 2013/08/31 v3.0.0 (rcs-revision 1.20)
\pgf@plot@mark@count=\count281
\pgfplotmarksize=\dimen151
)
\tikz@lastx=\dimen152
\tikz@lasty=\dimen153
\tikz@lastxsaved=\dimen154
\tikz@lastysaved=\dimen155
\tikzleveldistance=\dimen156
\tikzsiblingdistance=\dimen157
\tikz@figbox=\box36
\tikz@figbox@bg=\box37
\tikz@tempbox=\box38
\tikz@tempbox@bg=\box39
\tikztreelevel=\count282
\tikznumberofchildren=\count283
\tikznumberofcurrentchild=\count284
\tikz@fig@count=\count285

(C:\Users\chaudhary\AppData\Roaming\MiKTeX\2.9\tex\generic\pgf\modules\pgfmodul
ematrix.code.tex
File: pgfmodulematrix.code.tex 2013/09/17  (rcs-revision 1.8)
\pgfmatrixcurrentrow=\count286
\pgfmatrixcurrentcolumn=\count287
\pgf@matrix@numberofcolumns=\count288
)
\tikz@expandcount=\count289

(C:\Users\chaudhary\AppData\Roaming\MiKTeX\2.9\tex\generic\pgf\frontendlayer\ti
kz\libraries\tikzlibrarytopaths.code.tex
File: tikzlibrarytopaths.code.tex 2008/06/17 v3.0.0 (rcs-revision 1.2)
)))
(C:\Users\chaudhary\AppData\Roaming\MiKTeX\2.9\tex\latex\pgfplots\pgfplots.sty
(C:\Users\chaudhary\AppData\Roaming\MiKTeX\2.9\tex\generic\pgfplots\pgfplots.re
vision.tex)
Package: pgfplots 2014/08/04 v1.11 Data Visualization (1.11-3-g4c99d7a)

(C:\Users\chaudhary\AppData\Roaming\MiKTeX\2.9\tex\generic\pgfplots\pgfplots.co
de.tex
(C:\Users\chaudhary\AppData\Roaming\MiKTeX\2.9\tex\generic\pgfplots\pgfplotscor
e.code.tex
\t@pgfplots@toka=\toks33
\t@pgfplots@tokb=\toks34
\t@pgfplots@tokc=\toks35
\pgfplots@tmpa=\dimen158
\c@pgfplots@coordindex=\count290
\c@pgfplots@scanlineindex=\count291

(C:\Users\chaudhary\AppData\Roaming\MiKTeX\2.9\tex\generic\pgfplots\sys\pgfplot
ssysgeneric.code.tex))
(C:\Users\chaudhary\AppData\Roaming\MiKTeX\2.9\tex\generic\pgfplots\libs\pgfplo
tslibrary.code.tex)
(C:\Users\chaudhary\AppData\Roaming\MiKTeX\2.9\tex\generic\pgfplots\oldpgfcompa
tib\pgfplotsoldpgfsupp_loader.code.tex
(C:\Users\chaudhary\AppData\Roaming\MiKTeX\2.9\tex\generic\pgf\libraries\pgflib
raryfpu.code.tex)
(C:\Users\chaudhary\AppData\Roaming\MiKTeX\2.9\tex\generic\pgfplots\oldpgfcompa
tib\pgfplotsoldpgfsupp_trig_format.code.tex))
(C:\Users\chaudhary\AppData\Roaming\MiKTeX\2.9\tex\generic\pgfplots\util\pgfplo
tsutil.code.tex
(C:\Users\chaudhary\AppData\Roaming\MiKTeX\2.9\tex\generic\pgfplots\liststructu
re\pgfplotsliststructure.code.tex)
(C:\Users\chaudhary\AppData\Roaming\MiKTeX\2.9\tex\generic\pgfplots\liststructu
re\pgfplotsliststructureext.code.tex)
(C:\Users\chaudhary\AppData\Roaming\MiKTeX\2.9\tex\generic\pgfplots\liststructu
re\pgfplotsarray.code.tex
\c@pgfplotsarray@tmp=\count292
)
(C:\Users\chaudhary\AppData\Roaming\MiKTeX\2.9\tex\generic\pgfplots\liststructu
re\pgfplotsmatrix.code.tex)
(C:\Users\chaudhary\AppData\Roaming\MiKTeX\2.9\tex\generic\pgfplots\numtable\pg
fplotstableshared.code.tex
\c@pgfplotstable@counta=\count293
\t@pgfplotstable@a=\toks36
)
(C:\Users\chaudhary\AppData\Roaming\MiKTeX\2.9\tex\generic\pgfplots\liststructu
re\pgfplotsdeque.code.tex)
(C:\Users\chaudhary\AppData\Roaming\MiKTeX\2.9\tex\generic\pgfplots\util\pgfplo
tsbinary.code.tex
(C:\Users\chaudhary\AppData\Roaming\MiKTeX\2.9\tex\generic\pgfplots\util\pgfplo
tsbinary.data.code.tex))
(C:\Users\chaudhary\AppData\Roaming\MiKTeX\2.9\tex\generic\pgfplots\util\pgfplo
tsutil.verb.code.tex)
(C:\Users\chaudhary\AppData\Roaming\MiKTeX\2.9\tex\generic\pgfplots\libs\pgflib
rarypgfplots.surfshading.code.tex
\c@pgfplotslibrarysurf@no=\count294

(C:\Users\chaudhary\AppData\Roaming\MiKTeX\2.9\tex\generic\pgfplots\sys\pgflibr
arypgfplots.surfshading.pgfsys-pdftex.def)))
(C:\Users\chaudhary\AppData\Roaming\MiKTeX\2.9\tex\generic\pgfplots\util\pgfplo
tscolormap.code.tex
(C:\Users\chaudhary\AppData\Roaming\MiKTeX\2.9\tex\generic\pgfplots\util\pgfplo
tscolor.code.tex))
(C:\Users\chaudhary\AppData\Roaming\MiKTeX\2.9\tex\generic\pgfplots\pgfplotssta
ckedplots.code.tex)
(C:\Users\chaudhary\AppData\Roaming\MiKTeX\2.9\tex\generic\pgfplots\pgfplotsplo
thandlers.code.tex
(C:\Users\chaudhary\AppData\Roaming\MiKTeX\2.9\tex\generic\pgfplots\pgfplotsmes
hplothandler.code.tex))
(C:\Users\chaudhary\AppData\Roaming\MiKTeX\2.9\tex\generic\pgfplots\pgfplots.sc
aling.code.tex)
(C:\Users\chaudhary\AppData\Roaming\MiKTeX\2.9\tex\generic\pgfplots\pgfplotscoo
rdprocessing.code.tex)
(C:\Users\chaudhary\AppData\Roaming\MiKTeX\2.9\tex\generic\pgfplots\pgfplots.er
rorbars.code.tex)
(C:\Users\chaudhary\AppData\Roaming\MiKTeX\2.9\tex\generic\pgfplots\pgfplots.ma
rkers.code.tex)
(C:\Users\chaudhary\AppData\Roaming\MiKTeX\2.9\tex\generic\pgfplots\pgfplotstic
ks.code.tex)
(C:\Users\chaudhary\AppData\Roaming\MiKTeX\2.9\tex\generic\pgfplots\pgfplots.pa
ths.code.tex)
(C:\Users\chaudhary\AppData\Roaming\MiKTeX\2.9\tex\generic\pgf\frontendlayer\ti
kz\libraries\tikzlibrarydecorations.code.tex
(C:\Users\chaudhary\AppData\Roaming\MiKTeX\2.9\tex\generic\pgf\modules\pgfmodul
edecorations.code.tex
\pgfdecoratedcompleteddistance=\dimen159
\pgfdecoratedremainingdistance=\dimen160
\pgfdecoratedinputsegmentcompleteddistance=\dimen161
\pgfdecoratedinputsegmentremainingdistance=\dimen162
\pgf@decorate@distancetomove=\dimen163
\pgf@decorate@repeatstate=\count295
\pgfdecorationsegmentamplitude=\dimen164
\pgfdecorationsegmentlength=\dimen165
)
\tikz@lib@dec@box=\box40
)
(C:\Users\chaudhary\AppData\Roaming\MiKTeX\2.9\tex\generic\pgf\frontendlayer\ti
kz\libraries\tikzlibrarydecorations.pathmorphing.code.tex
(C:\Users\chaudhary\AppData\Roaming\MiKTeX\2.9\tex\generic\pgf\libraries\decora
tions\pgflibrarydecorations.pathmorphing.code.tex))
(C:\Users\chaudhary\AppData\Roaming\MiKTeX\2.9\tex\generic\pgf\frontendlayer\ti
kz\libraries\tikzlibrarydecorations.pathreplacing.code.tex
(C:\Users\chaudhary\AppData\Roaming\MiKTeX\2.9\tex\generic\pgf\libraries\decora
tions\pgflibrarydecorations.pathreplacing.code.tex))
\pgfplots@numplots=\count296
\pgfplots@xmin@reg=\dimen166
\pgfplots@xmax@reg=\dimen167
\pgfplots@ymin@reg=\dimen168
\pgfplots@ymax@reg=\dimen169
\pgfplots@zmin@reg=\dimen170
\pgfplots@zmax@reg=\dimen171
)
(C:\Users\chaudhary\AppData\Roaming\MiKTeX\2.9\tex\generic\pgf\frontendlayer\ti
kz\libraries\tikzlibraryplotmarks.code.tex
File: tikzlibraryplotmarks.code.tex 2008/01/09 v3.0.0 (rcs-revision 1.1)

(C:\Users\chaudhary\AppData\Roaming\MiKTeX\2.9\tex\generic\pgf\libraries\pgflib
raryplotmarks.code.tex
File: pgflibraryplotmarks.code.tex 2013/07/20 v3.0.0 (rcs-revision 1.13)
)))
(C:\Users\chaudhary\AppData\Roaming\MiKTeX\2.9\tex\latex\pgfplots\pgfplotstable
.sty
(C:\Users\chaudhary\AppData\Roaming\MiKTeX\2.9\tex\generic\pgfplots\pgfplots.re
vision.tex)
Package: pgfplotstable 2014/08/04 v1.11 Table typesetting and Pretty-printing (
1.11-3-g4c99d7a)

(C:\Users\chaudhary\AppData\Roaming\MiKTeX\2.9\tex\generic\pgfplots\numtable\pg
fplotstable.code.tex
(C:\Users\chaudhary\AppData\Roaming\MiKTeX\2.9\tex\generic\pgfplots\numtable\pg
fplotstable.coltype.code.tex)))
(C:\Users\chaudhary\AppData\Roaming\MiKTeX\2.9\tex\latex\booktabs\booktabs.sty
Package: booktabs 2005/04/14 v1.61803 publication quality tables
\heavyrulewidth=\dimen172
\lightrulewidth=\dimen173
\cmidrulewidth=\dimen174
\belowrulesep=\dimen175
\belowbottomsep=\dimen176
\aboverulesep=\dimen177
\abovetopsep=\dimen178
\cmidrulesep=\dimen179
\cmidrulekern=\dimen180
\defaultaddspace=\dimen181
\@cmidla=\count297
\@cmidlb=\count298
\@aboverulesep=\dimen182
\@belowrulesep=\dimen183
\@thisruleclass=\count299
\@lastruleclass=\count300
\@thisrulewidth=\dimen184
)
(C:\Users\chaudhary\AppData\Roaming\MiKTeX\2.9\tex\latex\microtype\microtype.st
y
Package: microtype 2013/05/23 v2.5a Micro-typographical refinements (RS)
\MT@toks=\toks37
\MT@count=\count301
LaTeX Info: Redefining \textls on input line 766.
\MT@outer@kern=\dimen185
LaTeX Info: Redefining \textmicrotypecontext on input line 1285.
\MT@listname@count=\count302

(C:\Users\chaudhary\AppData\Roaming\MiKTeX\2.9\tex\latex\microtype\microtype-pd
ftex.def
File: microtype-pdftex.def 2013/05/23 v2.5a Definitions specific to pdftex (RS)

LaTeX Info: Redefining \lsstyle on input line 915.
LaTeX Info: Redefining \lslig on input line 915.
\MT@outer@space=\skip65
)
Package microtype Info: Loading configuration file microtype.cfg.

(C:\Users\chaudhary\AppData\Roaming\MiKTeX\2.9\tex\latex\microtype\microtype.cf
g
File: microtype.cfg 2013/05/23 v2.5a microtype main configuration file (RS)
))
(C:\Users\chaudhary\AppData\Roaming\MiKTeX\2.9\tex\latex\caption\caption.sty
Package: caption 2013/05/02 v3.3-89 Customizing captions (AR)

(C:\Users\chaudhary\AppData\Roaming\MiKTeX\2.9\tex\latex\caption\caption3.sty
Package: caption3 2013/05/02 v1.6-88 caption3 kernel (AR)
Package caption3 Info: TeX engine: e-TeX on input line 57.
\captionmargin=\dimen186
\captionmargin@=\dimen187
\captionwidth=\dimen188
\caption@tempdima=\dimen189
\caption@indent=\dimen190
\caption@parindent=\dimen191
\caption@hangindent=\dimen192
)
Package caption Info: KOMA-Script document class.
\c@ContinuedFloat=\count303
Package caption Info: listings package is loaded.
) ("C:\Program Files (x86)\MiKTeX 2.9\tex\latex\hyperref\hyperref.sty"
Package: hyperref 2012/11/06 v6.83m Hypertext links for LaTeX

("C:\Program Files (x86)\MiKTeX 2.9\tex\generic\oberdiek\hobsub-hyperref.sty"
Package: hobsub-hyperref 2012/04/25 v1.12 Bundle oberdiek, subset hyperref (HO)


("C:\Program Files (x86)\MiKTeX 2.9\tex\generic\oberdiek\hobsub-generic.sty"
Package: hobsub-generic 2012/04/25 v1.12 Bundle oberdiek, subset generic (HO)
Package: hobsub 2012/04/25 v1.12 Construct package bundles (HO)
Package hobsub Info: Skipping package `infwarerr' (already loaded).
Package hobsub Info: Skipping package `ltxcmds' (already loaded).
Package hobsub Info: Skipping package `ifluatex' (already loaded).
Package: ifvtex 2010/03/01 v1.5 Detect VTeX and its facilities (HO)
Package ifvtex Info: VTeX not detected.
Package: intcalc 2007/09/27 v1.1 Expandable calculations with integers (HO)
Package: ifpdf 2011/01/30 v2.3 Provides the ifpdf switch (HO)
Package ifpdf Info: pdfTeX in PDF mode is detected.
Package hobsub Info: Skipping package `etexcmds' (already loaded).
Package hobsub Info: Skipping package `kvsetkeys' (already loaded).
Package: kvdefinekeys 2011/04/07 v1.3 Define keys (HO)
Package: pdftexcmds 2011/11/29 v0.20 Utility functions of pdfTeX for LuaTeX (HO
)
Package pdftexcmds Info: LuaTeX not detected.
Package pdftexcmds Info: \pdf@primitive is available.
Package pdftexcmds Info: \pdf@ifprimitive is available.
Package pdftexcmds Info: \pdfdraftmode found.
Package: pdfescape 2011/11/25 v1.13 Implements pdfTeX's escape features (HO)
Package: bigintcalc 2012/04/08 v1.3 Expandable calculations on big integers (HO
)
Package: bitset 2011/01/30 v1.1 Handle bit-vector datatype (HO)
Package: uniquecounter 2011/01/30 v1.2 Provide unlimited unique counter (HO)
)
Package hobsub Info: Skipping package `hobsub' (already loaded).
Package: letltxmacro 2010/09/02 v1.4 Let assignment for LaTeX macros (HO)
Package: hopatch 2011/06/24 v1.1 Wrapper for package hooks (HO)
Package: xcolor-patch 2011/01/30 xcolor patch
Package: atveryend 2011/06/30 v1.8 Hooks at the very end of document (HO)
Package: atbegshi 2011/10/05 v1.16 At begin shipout hook (HO)
Package: refcount 2011/10/16 v3.4 Data extraction from label references (HO)
Package: hycolor 2011/01/30 v1.7 Color options for hyperref/bookmark (HO)
)
("C:\Program Files (x86)\MiKTeX 2.9\tex\generic\ifxetex\ifxetex.sty"
Package: ifxetex 2010/09/12 v0.6 Provides ifxetex conditional
)
("C:\Program Files (x86)\MiKTeX 2.9\tex\latex\oberdiek\auxhook.sty"
Package: auxhook 2011/03/04 v1.3 Hooks for auxiliary files (HO)
)
\@linkdim=\dimen193
\Hy@linkcounter=\count304
\Hy@pagecounter=\count305

("C:\Program Files (x86)\MiKTeX 2.9\tex\latex\hyperref\pd1enc.def"
File: pd1enc.def 2012/11/06 v6.83m Hyperref: PDFDocEncoding definition (HO)
Now handling font encoding PD1 ...
... no UTF-8 mapping file for font encoding PD1
)
\Hy@SavedSpaceFactor=\count306

("C:\Program Files (x86)\MiKTeX 2.9\tex\latex\00miktex\hyperref.cfg"
File: hyperref.cfg 2002/06/06 v1.2 hyperref configuration of TeXLive
)
Package hyperref Info: Hyper figures OFF on input line 4443.
Package hyperref Info: Link nesting OFF on input line 4448.
Package hyperref Info: Hyper index ON on input line 4451.
Package hyperref Info: Plain pages OFF on input line 4458.
Package hyperref Info: Backreferencing OFF on input line 4463.
Package hyperref Info: Implicit mode ON; LaTeX internals redefined.
Package hyperref Info: Bookmarks ON on input line 4688.
\c@Hy@tempcnt=\count307
LaTeX Info: Redefining \url on input line 5041.
\XeTeXLinkMargin=\dimen194
\Fld@menulength=\count308
\Field@Width=\dimen195
\Fld@charsize=\dimen196
Package hyperref Info: Hyper figures OFF on input line 6295.
Package hyperref Info: Link nesting OFF on input line 6300.
Package hyperref Info: Hyper index ON on input line 6303.
Package hyperref Info: backreferencing OFF on input line 6310.
Package hyperref Info: Link coloring OFF on input line 6315.
Package hyperref Info: Link coloring with OCG OFF on input line 6320.
Package hyperref Info: PDF/A mode OFF on input line 6325.
LaTeX Info: Redefining \ref on input line 6365.
LaTeX Info: Redefining \pageref on input line 6369.
\Hy@abspage=\count309
\c@Item=\count310
\c@Hfootnote=\count311
)
Package scrhack Info: hyperref hack deactivated because of
(scrhack)             detection of hyperref version, that doesn't
(scrhack)             need that hack, on input line 28.


Package hyperref Message: Driver (autodetected): hpdftex.

("C:\Program Files (x86)\MiKTeX 2.9\tex\latex\hyperref\hpdftex.def"
File: hpdftex.def 2012/11/06 v6.83m Hyperref driver for pdfTeX
\Fld@listcount=\count312
\c@bookmark@seq@number=\count313

("C:\Program Files (x86)\MiKTeX 2.9\tex\latex\oberdiek\rerunfilecheck.sty"
Package: rerunfilecheck 2011/04/15 v1.7 Rerun checks for auxiliary files (HO)
Package uniquecounter Info: New unique counter `rerunfilecheck' on input line 2
82.
)
\Hy@SectionHShift=\skip66
))
(C:\Users\chaudhary\AppData\Roaming\MiKTeX\2.9\tex\latex\glossaries\base\glossa
ries.sty
Package: glossaries 2014/11/22 v4.12 (NLCT)
 ("C:\Program Files (x86)\MiKTeX 2.9\tex\latex\xkeyval\xkeyval.sty"
Package: xkeyval 2012/10/14 v2.6b package option processing (HA)

("C:\Program Files (x86)\MiKTeX 2.9\tex\generic\xkeyval\xkeyval.tex"
\XKV@toks=\toks38
\XKV@tempa@toks=\toks39
\XKV@depth=\count314
File: xkeyval.tex 2012/10/14 v2.6b key=value parser (HA)
))
(C:\Users\chaudhary\AppData\Roaming\MiKTeX\2.9\tex\latex\glossaries\base\mfirst
uc.sty
Package: mfirstuc 2014/07/30 v1.09 (NLCT)
\@glsmfirst=\toks40
\@glsmrest=\toks41
)
(C:\Users\chaudhary\AppData\Roaming\MiKTeX\2.9\tex\latex\textcase\textcase.sty
Package: textcase 2004/10/07 v0.07 Text only upper/lower case changing (DPC)
) (C:\Users\chaudhary\AppData\Roaming\MiKTeX\2.9\tex\latex\xfor\xfor.sty
Package: xfor 2009/02/05 v1.05 (NLCT)
)
(C:\Users\chaudhary\AppData\Roaming\MiKTeX\2.9\tex\latex\datatool\datatool-base
.sty
Package: datatool-base 2014/06/10 v2.22 (NLCT)
 ("C:\Program Files (x86)\MiKTeX 2.9\tex\latex\amsmath\amsmath.sty"
Package: amsmath 2013/01/14 v2.14 AMS math features
\@mathmargin=\skip67

For additional information on amsmath, use the `?' option.
("C:\Program Files (x86)\MiKTeX 2.9\tex\latex\amsmath\amstext.sty"
Package: amstext 2000/06/29 v2.01

("C:\Program Files (x86)\MiKTeX 2.9\tex\latex\amsmath\amsgen.sty"
File: amsgen.sty 1999/11/30 v2.0
\@emptytoks=\toks42
\ex@=\dimen197
))
("C:\Program Files (x86)\MiKTeX 2.9\tex\latex\amsmath\amsbsy.sty"
Package: amsbsy 1999/11/29 v1.2d
\pmbraise@=\dimen198
)
("C:\Program Files (x86)\MiKTeX 2.9\tex\latex\amsmath\amsopn.sty"
Package: amsopn 1999/12/14 v2.01 operator names
)
\inf@bad=\count315
LaTeX Info: Redefining \frac on input line 210.
\uproot@=\count316
\leftroot@=\count317
LaTeX Info: Redefining \overline on input line 306.
\classnum@=\count318
\DOTSCASE@=\count319
LaTeX Info: Redefining \ldots on input line 378.
LaTeX Info: Redefining \dots on input line 381.
LaTeX Info: Redefining \cdots on input line 466.
\Mathstrutbox@=\box41
\strutbox@=\box42
\big@size=\dimen199
LaTeX Font Info:    Redeclaring font encoding OML on input line 566.
LaTeX Font Info:    Redeclaring font encoding OMS on input line 567.
\macc@depth=\count320
\c@MaxMatrixCols=\count321
\dotsspace@=\muskip11
\c@parentequation=\count322
\dspbrk@lvl=\count323
\tag@help=\toks43
\row@=\count324
\column@=\count325
\maxfields@=\count326
\andhelp@=\toks44
\eqnshift@=\dimen200
\alignsep@=\dimen201
\tagshift@=\dimen202
\tagwidth@=\dimen203
\totwidth@=\dimen204
\lineht@=\dimen205
\@envbody=\toks45
\multlinegap=\skip68
\multlinetaggap=\skip69
\mathdisplay@stack=\toks46
LaTeX Info: Redefining \[ on input line 2665.
LaTeX Info: Redefining \] on input line 2666.
)
(C:\Users\chaudhary\AppData\Roaming\MiKTeX\2.9\tex\latex\substr\substr.sty
Package: substr 2009/10/20 v1.2 Handle substrings
\c@su@anzahl=\count327
)
(C:\Users\chaudhary\AppData\Roaming\MiKTeX\2.9\tex\latex\datatool\datatool-fp.s
ty
Package: datatool-fp 2013/08/29 v2.17 (NLCT)
 (C:\Users\chaudhary\AppData\Roaming\MiKTeX\2.9\tex\latex\fp\fp.sty
Package: fp 1995/04/02

`Fixed Point Package', Version 0.8, April 2, 1995 (C) Michael Mehlich
(C:\Users\chaudhary\AppData\Roaming\MiKTeX\2.9\tex\latex\fp\defpattern.sty
Package: defpattern 1994/10/12
\actioncount=\count328
)
(C:\Users\chaudhary\AppData\Roaming\MiKTeX\2.9\tex\latex\fp\fp-basic.sty
Package: fp-basic 1996/05/13
\FP@xs=\count329
\FP@xia=\count330
\FP@xib=\count331
\FP@xfa=\count332
\FP@xfb=\count333
\FP@rega=\count334
\FP@regb=\count335
\FP@regs=\count336
\FP@times=\count337
)
(C:\Users\chaudhary\AppData\Roaming\MiKTeX\2.9\tex\latex\fp\fp-addons.sty
Package: fp-addons 1995/03/15
)
(C:\Users\chaudhary\AppData\Roaming\MiKTeX\2.9\tex\latex\fp\fp-snap.sty
Package: fp-snap 1995/04/05
)
(C:\Users\chaudhary\AppData\Roaming\MiKTeX\2.9\tex\latex\fp\fp-exp.sty
Package: fp-exp 1995/04/03
)
(C:\Users\chaudhary\AppData\Roaming\MiKTeX\2.9\tex\latex\fp\fp-trigo.sty
Package: fp-trigo 1995/04/14
)
(C:\Users\chaudhary\AppData\Roaming\MiKTeX\2.9\tex\latex\fp\fp-pas.sty
Package: fp-pas 1994/08/29
)
(C:\Users\chaudhary\AppData\Roaming\MiKTeX\2.9\tex\latex\fp\fp-random.sty
Package: fp-random 1995/02/23
\FPseed=\count338
)
(C:\Users\chaudhary\AppData\Roaming\MiKTeX\2.9\tex\latex\fp\fp-eqn.sty
Package: fp-eqn 1995/04/03
)
(C:\Users\chaudhary\AppData\Roaming\MiKTeX\2.9\tex\latex\fp\fp-upn.sty
Package: fp-upn 1996/10/21
)
(C:\Users\chaudhary\AppData\Roaming\MiKTeX\2.9\tex\latex\fp\fp-eval.sty
Package: fp-eval 1995/04/03
)))
\@dtl@toks=\toks47
\@dtl@tmpcount=\count339
\dtl@tmplength=\skip70
\dtl@sortresult=\count340
\@dtl@numgrpsepcount=\count341
\@dtl@datatype=\count342
\dtl@codeA=\count343
\dtl@codeB=\count344
\@dtl@foreach@level=\count345
)
(C:\Users\chaudhary\AppData\Roaming\MiKTeX\2.9\tex\latex\glossaries\base\glossa
ries-compatible-307.sty
Package: glossaries-compatible-307 2013/11/14 v4.0 (NLCT)
)
(C:\Users\chaudhary\AppData\Roaming\MiKTeX\2.9\tex\latex\tracklang\tracklang.st
y
Package: tracklang 2014/11/21 v1.1 (NLCT) Track Languages

(C:\Users\chaudhary\AppData\Roaming\MiKTeX\2.9\tex\generic\tracklang\tracklang.
tex)
Package tracklang Info: babel loaded but \bb@loaded not defined. Will attempt t
o track known languages. on input line 175.
)
(C:\Users\chaudhary\AppData\Roaming\MiKTeX\2.9\tex\latex\beamer\base\translator
\translator.sty
Package: translator 2010/06/12 ver 1.10

(C:\Users\chaudhary\AppData\Roaming\MiKTeX\2.9\tex\latex\beamer\base\translator
\translator-language-mappings.tex))

Package glossaries Warning: No language module detected for `american'.
(glossaries)                Language modules need to be installed separately.
(glossaries)                Please check on CTAN for a bundle called
(glossaries)                `glossaries-english' or similar.

\gls@level=\count346
\@gls@tmpb=\toks48
\gls@tmplen=\skip71
\glskeylisttok=\toks49
\glslabeltok=\toks50
\glsshorttok=\toks51
\glslongtok=\toks52

(C:\Users\chaudhary\AppData\Roaming\MiKTeX\2.9\tex\latex\glossaries\styles\glos
sary-hypernav.sty
Package: glossary-hypernav 2013/11/14 v4.0 (NLCT)
)
(C:\Users\chaudhary\AppData\Roaming\MiKTeX\2.9\tex\latex\glossaries\styles\glos
sary-list.sty
Package: glossary-list 2013/11/14 v4.0 (NLCT)
\glslistdottedwidth=\skip72
)
(C:\Users\chaudhary\AppData\Roaming\MiKTeX\2.9\tex\latex\glossaries\styles\glos
sary-long.sty
Package: glossary-long 2013/11/14 v4.0 (NLCT)
 ("C:\Program Files (x86)\MiKTeX 2.9\tex\latex\tools\longtable.sty"
Package: longtable 2004/02/01 v4.11 Multi-page Table package (DPC)
\LTleft=\skip73
\LTright=\skip74
\LTpre=\skip75
\LTpost=\skip76
\LTchunksize=\count347
\LTcapwidth=\dimen206
\LT@head=\box43
\LT@firsthead=\box44
\LT@foot=\box45
\LT@lastfoot=\box46
\LT@cols=\count348
\LT@rows=\count349
\c@LT@tables=\count350
\c@LT@chunks=\count351
\LT@p@ftn=\toks53
)
Class scrbook Info: longtable captions redefined on input line 43.
\glsdescwidth=\skip77
\glspagelistwidth=\skip78
)
(C:\Users\chaudhary\AppData\Roaming\MiKTeX\2.9\tex\latex\glossaries\styles\glos
sary-super.sty
Package: glossary-super 2013/11/14 v4.0 (NLCT)

(C:\Users\chaudhary\AppData\Roaming\MiKTeX\2.9\tex\latex\supertabular\supertabu
lar.sty
Package: supertabular 2004/02/20 v4.1e the supertabular environment
\c@tracingst=\count352
\ST@wd=\dimen207
\ST@rightskip=\skip79
\ST@leftskip=\skip80
\ST@parfillskip=\skip81
\ST@pageleft=\dimen208
\ST@headht=\dimen209
\ST@tailht=\dimen210
\ST@pagesofar=\dimen211
\ST@pboxht=\dimen212
\ST@lineht=\dimen213
\ST@stretchht=\dimen214
\ST@prevht=\dimen215
\ST@toadd=\dimen216
\ST@dimen=\dimen217
\ST@pbox=\box47
))
(C:\Users\chaudhary\AppData\Roaming\MiKTeX\2.9\tex\latex\glossaries\styles\glos
sary-tree.sty
Package: glossary-tree 2014/08/27 v4.10 (NLCT)
\glstreeindent=\skip82
)) (C:\Users\chaudhary\Master_thesis_fortiss\settings/settings.tex
\glswrite=\write5
\glo@main@file=\write6
Package glossaries Info: Writing glossary file main.glo on input line 8.
\glo@acronym@file=\write7
Package glossaries Info: Writing glossary file main.acn on input line 8.
) (C:\Users\chaudhary\Master_thesis_fortiss\settings/commands.tex)
(C:\Users\chaudhary\Master_thesis_fortiss\glossary/terms.tex)
(C:\Users\chaudhary\Master_thesis_fortiss\glossary/acronyms.tex)
Package csquotes Info: Checking for multilingual support...
Package csquotes Info: ... found 'babel' package.
Package biblatex Info: Trying to load language 'american'...
Package biblatex Info: ... file 'american.lbx' found.

(C:\Users\chaudhary\AppData\Roaming\MiKTeX\2.9\tex\latex\biblatex\lbx\american.
lbx
File: american.lbx 2014/06/25 v2.9a biblatex localization (PK/JW/AB)
Package biblatex Info: Trying to load language 'english'...
Package biblatex Info: ... file 'english.lbx' found.

(C:\Users\chaudhary\AppData\Roaming\MiKTeX\2.9\tex\latex\biblatex\lbx\english.l
bx
File: english.lbx 2014/06/25 v2.9a biblatex localization (PK/JW/AB)
)) (C:\Users\chaudhary\Master_thesis_fortiss\main.aux)
LaTeX Font Info:    Checking defaults for OML/cmm/m/it on input line 15.
LaTeX Font Info:    ... okay on input line 15.
LaTeX Font Info:    Checking defaults for T1/cmr/m/n on input line 15.
LaTeX Font Info:    ... okay on input line 15.
LaTeX Font Info:    Checking defaults for OT1/cmr/m/n on input line 15.
LaTeX Font Info:    ... okay on input line 15.
LaTeX Font Info:    Checking defaults for OMS/cmsy/m/n on input line 15.
LaTeX Font Info:    ... okay on input line 15.
LaTeX Font Info:    Checking defaults for OMX/cmex/m/n on input line 15.
LaTeX Font Info:    ... okay on input line 15.
LaTeX Font Info:    Checking defaults for U/cmr/m/n on input line 15.
LaTeX Font Info:    ... okay on input line 15.
LaTeX Font Info:    Checking defaults for PD1/pdf/m/n on input line 15.
LaTeX Font Info:    ... okay on input line 15.
LaTeX Font Info:    Try loading font information for T1+pplx on input line 15.

("C:\Program Files (x86)\MiKTeX 2.9\tex\latex\psnfss\t1pplx.fd"
File: t1pplx.fd 2004/09/06 font definitions for T1/pplx.
)
Package nag Info: pgf.sty is broken: disabling dollar check on input line 15.
Package nag Info: Command \RaggedLeft not defined, skipping amendment on input 
line 15.
Package nag Info: Command \RaggedRight not defined, skipping amendment on input
 line 15.
Package biblatex Info: Input encoding 'utf8' detected.
Package biblatex Info: Automatic encoding selection.
(biblatex)             Assuming data encoding 'utf8'.
Package biblatex Info: Trying to load bibliographic data...
Package biblatex Info: ... file 'main.bbl' found.

(C:\Users\chaudhary\Master_thesis_fortiss\main.bbl)
Package biblatex Info: Reference section=0 on input line 15.
Package biblatex Info: Reference segment=0 on input line 15.

(C:\Users\chaudhary\AppData\Roaming\MiKTeX\2.9\tex\context\base\supp-pdf.mkii
[Loading MPS to PDF converter (version 2006.09.02).]
\scratchcounter=\count353
\scratchdimen=\dimen218
\scratchbox=\box48
\nofMPsegments=\count354
\nofMParguments=\count355
\everyMPshowfont=\toks54
\MPscratchCnt=\count356
\MPscratchDim=\dimen219
\MPnumerator=\count357
\makeMPintoPDFobject=\count358
\everyMPtoPDFconversion=\toks55
)
\c@lstlisting=\count359
Package scrhack Info: undefining \float@addtolists on input line 15.
 ABD: EveryShipout initializing macros
Package pgfplots notification 'compat/show suggested version=true': you might b
enefit from \pgfplotsset{compat=1.11} (current compat level: 1.9).

LaTeX Info: Redefining \microtypecontext on input line 15.
Package microtype Info: Generating PDF output.
Package microtype Info: Character protrusion enabled (level 2).
Package microtype Info: Using default protrusion set `alltext'.
Package microtype Info: Automatic font expansion enabled (level 2),
(microtype)             stretch: 20, shrink: 20, step: 1, non-selected.
Package microtype Info: Using default expansion set `basictext'.
Package microtype Info: No adjustment of tracking.
Package microtype Info: No adjustment of interword spacing.
Package microtype Info: No adjustment of character kerning.
(C:\Users\chaudhary\AppData\Roaming\MiKTeX\2.9\tex\latex\microtype\mt-ppl.cfg
File: mt-ppl.cfg 2005/11/16 v1.6 microtype config. file: Palatino (RS)
)
Package caption Info: Begin \AtBeginDocument code.
Package caption Info: hyperref package is loaded.
Package caption Info: longtable package is loaded.

(C:\Users\chaudhary\AppData\Roaming\MiKTeX\2.9\tex\latex\caption\ltcaption.sty
Package: ltcaption 2013/02/03 v1.3-62 longtable captions (AR)
)
Package caption Info: supertabular package is loaded.
Package caption Info: End \AtBeginDocument code.
\AtBeginShipoutBox=\box49
Package hyperref Info: Link coloring OFF on input line 15.
("C:\Program Files (x86)\MiKTeX 2.9\tex\latex\hyperref\nameref.sty"
Package: nameref 2012/10/27 v2.43 Cross-referencing by name of section

("C:\Program Files (x86)\MiKTeX 2.9\tex\generic\oberdiek\gettitlestring.sty"
Package: gettitlestring 2010/12/03 v1.4 Cleanup title references (HO)
)
\c@section@level=\count360
)
LaTeX Info: Redefining \ref on input line 15.
LaTeX Info: Redefining \pageref on input line 15.
LaTeX Info: Redefining \nameref on input line 15.

(C:\Users\chaudhary\Master_thesis_fortiss\main.out)
(C:\Users\chaudhary\Master_thesis_fortiss\main.out)
\@outlinefile=\write8
Package nag Info: Command \hc@caption not defined, skipping amendment on input 
line 15.

(C:\Users\chaudhary\Master_thesis_fortiss\pages/cover.tex
<logos/tum.pdf, id=158, 597.23125pt x 845.1575pt>
File: logos/tum.pdf Graphic file (type pdf)
 <use logos/tum.pdf>
Package pdftex.def Info: logos/tum.pdf used on input line 13.
(pdftex.def)             Requested size: 113.81102pt x 161.04585pt.
LaTeX Font Info:    Font shape `T1/pplx/bx/n' in size <20.74> not available
(Font)              Font shape `T1/pplx/b/n' tried instead on input line 25.

<logos/faculty.pdf, id=159, 34.14326pt x 36.98859pt>
File: logos/faculty.pdf Graphic file (type pdf)
 <use logos/faculty.pdf>
Package pdftex.def Info: logos/faculty.pdf used on input line 31.
(pdftex.def)             Requested size: 56.9055pt x 61.65216pt.

[1



{C:/Users/chaudhary/AppData/Local/MiKTeX/2.9/pdftex/config/pdftex.map} <C:/User
s/chaudhary/Master_thesis_fortiss/logos/tum.pdf> <C:/Users/chaudhary/Master_the
sis_fortiss/logos/faculty.pdf>])
(C:\Users\chaudhary\Master_thesis_fortiss\pages/title.tex
File: logos/tum.pdf Graphic file (type pdf)
 <use logos/tum.pdf>
Package pdftex.def Info: logos/tum.pdf used on input line 5.
(pdftex.def)             Requested size: 113.81102pt x 161.04585pt.
LaTeX Font Info:    Try loading font information for OT1+pplx on input line 23.


("C:\Program Files (x86)\MiKTeX 2.9\tex\latex\psnfss\ot1pplx.fd"
File: ot1pplx.fd 2004/09/06 font definitions for OT1/pplx.
)
LaTeX Font Info:    Try loading font information for OML+zplm on input line 23.


("C:\Program Files (x86)\MiKTeX 2.9\tex\latex\psnfss\omlzplm.fd"
File: omlzplm.fd 2002/09/08 Fontinst v1.914 font definitions for OML/zplm.
)
LaTeX Font Info:    Try loading font information for OMS+zplm on input line 23.


("C:\Program Files (x86)\MiKTeX 2.9\tex\latex\psnfss\omszplm.fd"
File: omszplm.fd 2002/09/08 Fontinst v1.914 font definitions for OMS/zplm.
)
LaTeX Font Info:    Try loading font information for OMX+zplm on input line 23.


("C:\Program Files (x86)\MiKTeX 2.9\tex\latex\psnfss\omxzplm.fd"
File: omxzplm.fd 2002/09/08 Fontinst v1.914 font definitions for OMX/zplm.
)
LaTeX Font Info:    Try loading font information for OT1+zplm on input line 23.


("C:\Program Files (x86)\MiKTeX 2.9\tex\latex\psnfss\ot1zplm.fd"
File: ot1zplm.fd 2002/09/08 Fontinst v1.914 font definitions for OT1/zplm.
)
Package microtype Info: Loading generic settings for font family
(microtype)             `zplm' (encoding: OT1).
(microtype)             For optimal results, create family-specific settings.
(microtype)             See the microtype manual for details.
File: logos/faculty.pdf Graphic file (type pdf)

<use logos/faculty.pdf>
Package pdftex.def Info: logos/faculty.pdf used on input line 31.
(pdftex.def)             Requested size: 56.9055pt x 61.65216pt.
 [1



]
LaTeX Font Info:    Font shape `T1/pplx/m/sl' in size <10.95> not available
(Font)              Font shape `T1/pplx/m/it' tried instead on input line 32.
 [2])
(C:\Users\chaudhary\Master_thesis_fortiss\pages/disclaimer.tex [3])
(C:\Users\chaudhary\Master_thesis_fortiss\pages/acknowledgements.tex [4


])
(C:\Users\chaudhary\Master_thesis_fortiss\pages/abstract.tex
LaTeX Font Info:    Font shape `T1/pplx/bx/n' in size <10.95> not available
(Font)              Font shape `T1/pplx/b/n' tried instead on input line 1.
) [5




]
Package tocbasic Info: character protrusion at toc deactivated on input line 26
.

(C:\Users\chaudhary\Master_thesis_fortiss\main.toc [6


])
\tf@toc=\write9
 [7]
(C:\Users\chaudhary\Master_thesis_fortiss\chapters/introduction.tex
Chapter 1.
LaTeX Font Info:    Font shape `T1/pplx/bx/n' in size <14.4> not available
(Font)              Font shape `T1/pplx/b/n' tried instead on input line 3.

LaTeX Warning: Citation 'Knight:2002:SCS:581339.581406' on page 1 undefined on 
input line 5.


Underfull \hbox (badness 10000) in paragraph at lines 5--6

 []


Underfull \hbox (badness 10000) in paragraph at lines 7--8

 []


Underfull \hbox (badness 10000) in paragraph at lines 9--10

 []


LaTeX Warning: Citation '6601578' on page 1 undefined on input line 11.


Underfull \hbox (badness 10000) in paragraph at lines 11--12

 []

pdfTeX warning (ext4): destination with the same identifier (name{page.1}) has 
been already used, duplicate ignored
<to be read again> 
                   \relax 
l.12 
      [1



]
Underfull \hbox (badness 10000) in paragraph at lines 13--14

 []


Underfull \hbox (badness 10000) in paragraph at lines 20--21

 []


Underfull \hbox (badness 10000) in paragraph at lines 22--23

 []


Underfull \hbox (badness 10000) in paragraph at lines 24--25

 []

[2])
(C:\Users\chaudhary\Master_thesis_fortiss\chapters/theoretical_background.tex
[3]
Chapter 2.
LaTeX Font Info:    Font shape `T1/pplx/bx/n' in size <12> not available
(Font)              Font shape `T1/pplx/b/n' tried instead on input line 25.
) (C:\Users\chaudhary\Master_thesis_fortiss\chapters/pow.tex [4


] [5]
Chapter 3.
) (C:\Users\chaudhary\Master_thesis_fortiss\chapters/constraints.tex [6


]
Chapter 4.
) (C:\Users\chaudhary\Master_thesis_fortiss\chapters/safeTAG.tex [7


]
Chapter 5.
) (C:\Users\chaudhary\Master_thesis_fortiss\chapters/results.tex [8


]
Chapter 6.
) (C:\Users\chaudhary\Master_thesis_fortiss\chapters/conclusion.tex [9


]
Chapter 7.
) (C:\Users\chaudhary\Master_thesis_fortiss\chapters/futureimprovements.tex
[10


]
Chapter 8.
)
No file main.gls.
No file main.acr.
[11


]
Package tocbasic Info: character protrusion at lof deactivated on input line 50
.
 (C:\Users\chaudhary\Master_thesis_fortiss\main.lof)
\tf@lof=\write10
 [12


]
Package tocbasic Info: character protrusion at lot deactivated on input line 51
.

(C:\Users\chaudhary\Master_thesis_fortiss\main.lot)
\tf@lot=\write11


LaTeX Warning: Empty bibliography on input line 53.

No complaints by nag.
[13


]
Package atveryend Info: Empty hook `BeforeClearDocument' on input line 55.
Package atveryend Info: Empty hook `AfterLastShipout' on input line 55.
 (C:\Users\chaudhary\Master_thesis_fortiss\main.aux)
Package atveryend Info: Executing hook `AtVeryEndDocument' on input line 55.
Package atveryend Info: Executing hook `AtEndAfterFileList' on input line 55.
Package rerunfilecheck Info: File `main.out' has not changed.
(rerunfilecheck)             Checksum: B1608CB638BC2D6C81F0265B77092F34;2509.


LaTeX Warning: There were undefined references.


Package biblatex Warning: Please (re)run Biber on the file:
(biblatex)                main
(biblatex)                and rerun LaTeX afterwards.

Package logreq Info: Writing requests to 'main.run.xml'.
 ) 
Here is how much of TeX's memory you used:
 41720 strings out of 493921
 894474 string characters out of 3154888
 1506830 words of memory out of 3000000
 44021 multiletter control sequences out of 15000+200000
 41573 words of font info for 148 fonts, out of 3000000 for 9000
 841 hyphenation exceptions out of 8191
 75i,8n,83p,1795b,1934s stack positions out of 5000i,500n,10000p,200000b,50000s
{C:/Program Files (x86)/MiKTeX 2.9/fonts/enc/dvips/fontname/8r.enc}<C:/Progra
m Files (x86)/MiKTeX 2.9/fonts/type1/urw/palatino/uplb8a.pfb><C:/Program Files 
(x86)/MiKTeX 2.9/fonts/type1/urw/palatino/uplr8a.pfb><C:/Program Files (x86)/Mi
KTeX 2.9/fonts/type1/urw/palatino/uplri8a.pfb>
Output written on main.pdf (21 pages, 563122 bytes).
PDF statistics:
 351 PDF objects out of 1000 (max. 8388607)
 59 named destinations out of 1000 (max. 500000)
 26951 words of extra memory for PDF output out of 29859 (max. 10000000)

